********************************************************************************
PACKAGE-LOG: 2015-12-07 22:20:43
NOTICE: Do NOT post to public sites or forums 
********************************************************************************
VERSION:	0.5.34
WORDPRESS:	4.3.1
PHP INFO:	5.3.29 | SAPI: apache2handler
SERVER:		Apache/2.4.12 (Win32) OpenSSL/1.0.1l PHP/5.3.29 mod_wsgi/3.5 Python/2.7.9 
PHP TIME LIMIT: (0) no time limit imposed 
PHP MAX MEMORY: 5000M (128M default) 
MEMORY STACK: 30.5MB 

********************************************************************************
DATABASE:
********************************************************************************
BUILD MODE:   PHP(query limit - 100)
MYSQLTIMEOUT: 5000
MYSQLDUMP:    Not Supported 
TABLES: total:21 | filtered:0 | create:21 
FILTERED: [] 
SQL CREATED: 20151203_lincoln_56660630718887301151207222032_database.sql 
file size:251108 
SQL FILE SIZE: 245.22KB 
SQL FILE TIME: 2015-12-07 22:20:43 
SQL RUNTIME: 0.30 sec. 

******************************************************************************** 
ARCHIVE (ZIP): 
******************************************************************************** 
ARCHIVE DIR:  C:/Program Files (x86)/Ampps/www/lincoln 
ARCHIVE FILE: 20151203_lincoln_56660630718887301151207222032_archive.zip 
FILTERS: *OFF* 
DIRS:  not set 
EXTS:  not set 
---------------------------------------- 
COMPRESSING 
SIZE:	66.83MB 
STATS:	Dirs 458 | Files 3,934 
SQL ADDED: 20151203_lincoln_56660630718887301151207222032_database.sql 
ZipArchive Object
(
    [status] => 0
    [statusSys] => 0
    [numFiles] => 4392
    [filename] => C:\Program Files (x86)\Ampps\www\lincoln\wp-snapshots\tmp\20151203_lincoln_56660630718887301151207222032_archive.zip
    [comment] => 
)
 
COMPRESSION RESULT: '1' 
COMPRESSED SIZE: 46.96MB 
ARCHIVE RUNTIME: 61.65 sec. 
MEMORY STACK: 32MB 

******************************************************************************** 
MAKE INSTALLER: 
******************************************************************************** 
Build Start 
Build Finished 
Preping for use 
Template parsed with new data 
Complete [C:/Program Files (x86)/Ampps/www/lincoln/wp-snapshots/tmp/20151203_lincoln_56660630718887301151207222032_installer.php] 
Added to archive 

******************************************************************************** 
INTEGRITY CHECKS: 
******************************************************************************** 
SQL File: 245.22KB 
Installer File: 317.97KB 
Archive File: 46.96MB  

********************************************************************************
RECORD ID:[2]
TOTAL PROCESS RUNTIME: 63.99 sec.
PEAK PHP MEMORY USED: 34MB
DONE PROCESSING => 20151203_lincoln 2015-12-07 22:21:47
 
